#
# There is insufficient memory for the Java Runtime Environment to continue.
# Native memory allocation (malloc) failed to allocate 1048576 bytes for AllocateHeap
# Possible reasons:
#   The system is out of physical RAM or swap space
#   The process is running with CompressedOops enabled, and the Java Heap may be blocking the growth of the native heap
# Possible solutions:
#   Reduce memory load on the system
#   Increase physical memory or swap space
#   Check if swap backing store is full
#   Decrease Java heap size (-Xmx/-Xms)
#   Decrease number of Java threads
#   Decrease Java thread stack sizes (-Xss)
#   Set larger code cache with -XX:ReservedCodeCacheSize=
#   JVM is running with Unscaled Compressed Oops mode in which the Java heap is
#     placed in the first 4GB address space. The Java Heap base address is the
#     maximum limit for the native heap growth. Please use -XX:HeapBaseMinAddress
#     to set the Java Heap base and to place the Java Heap above 4GB virtual address.
# This output file may be truncated or incomplete.
#
#  Out of Memory Error (allocation.cpp:44), pid=27828, tid=14620
#
# JRE version:  (17.0.11+7) (build )
# Java VM: Java HotSpot(TM) 64-Bit Server VM (17.0.11+7-LTS-207, mixed mode, sharing, tiered, compressed oops, compressed class ptrs, g1 gc, windows-amd64)
# No core dump will be written. Minidumps are not enabled by default on client versions of Windows
#

---------------  S U M M A R Y ------------

Command Line: -Dfile.encoding=UTF-8 --module-path=D:\Lesson\NetBeans IDE Projects\cafe_vibe\build\classes gui.GRN

Host: AMD Ryzen 3 3250U with Radeon Graphics         , 4 cores, 5G,  Windows 11 , 64 bit Build 22000 (10.0.22000.2124)
Time: Wed Oct  2 22:06:45 2024 Sri Lanka Standard Time elapsed time: 0.081656 seconds (0d 0h 0m 0s)

---------------  T H R E A D  ---------------

Current thread (0x000001b456a5cfa0):  JavaThread "Unknown thread" [_thread_in_vm, id=14620, stack(0x0000001234100000,0x0000001234200000)]

Stack: [0x0000001234100000,0x0000001234200000]
Native frames: (J=compiled Java code, j=interpreted, Vv=VM code, C=native code)
V  [jvm.dll+0x679cca]
V  [jvm.dll+0x7da13d]
V  [jvm.dll+0x7dba83]
V  [jvm.dll+0x7dc0f3]
V  [jvm.dll+0x2449af]
V  [jvm.dll+0xa5e73]
V  [jvm.dll+0x2e1c0e]
V  [jvm.dll+0x2d98eb]
V  [jvm.dll+0x7ac6b1]
V  [jvm.dll+0x366f61]
V  [jvm.dll+0x78b609]
V  [jvm.dll+0x3ec22f]
V  [jvm.dll+0x3ede61]
C  [jli.dll+0x5297]
C  [ucrtbase.dll+0x26c0c]
C  [KERNEL32.DLL+0x155a0]
C  [ntdll.dll+0x485b]


---------------  P R O C E S S  ---------------

Threads class SMR info:
_java_thread_list=0x00007ffddc527a18, length=0, elements={
}

Java Threads: ( => current thread )

Other Threads:
  0x000001b456aa8160 GCTaskThread "GC Thread#0" [stack: 0x0000001234300000,0x0000001234400000] [id=24376]

[error occurred during error reporting (printing all threads), id 0xc0000005, EXCEPTION_ACCESS_VIOLATION (0xc0000005) at pc=0x00007ffddbd56a10]

VM state: not at safepoint (not fully initialized)

VM Mutex/Monitor currently owned by a thread:  ([mutex/lock_event])
[0x000001b456a5a010] Heap_lock - owner thread: 0x000001b456a5cfa0

Heap address: 0x00000000a0e00000, size: 1522 MB, Compressed Oops mode: 32-bit

CDS archive(s) mapped at: [0x0000000000000000-0x0000000000000000-0x0000000000000000), size 0, SharedBaseAddress: 0x0000000800000000, ArchiveRelocationMode: 1.
Narrow klass base: 0x0000000000000000, Narrow klass shift: 0, Narrow klass range: 0x0

GC Precious Log:
<Empty>

Heap:
 garbage-first heap   total 0K, used 0K [0x00000000a0e00000, 0x0000000100000000)
  region size 1024K, 0 young (0K), 0 survivors (0K)

[error occurred during error reporting (printing heap information), id 0xc0000005, EXCEPTION_ACCESS_VIOLATION (0xc0000005) at pc=0x00007ffddc143559]

GC Heap History (0 events):
No events

Deoptimization events (0 events):
No events

Classes unloaded (0 events):
No events

Classes redefined (0 events):
No events

Internal exceptions (0 events):
No events

VM Operations (0 events):
No events

Events (1 events):
Event: 0.017 Loaded shared library C:\Program Files\Java\jdk-17\bin\java.dll


Dynamic libraries:
0x00007ff773f70000 - 0x00007ff773f80000 	C:\Program Files\Java\jdk-17\bin\java.exe
0x00007ffe26ca0000 - 0x00007ffe26ea9000 	C:\Windows\SYSTEM32\ntdll.dll
0x00007ffe24f50000 - 0x00007ffe2500e000 	C:\Windows\System32\KERNEL32.DLL
0x00007ffe24370000 - 0x00007ffe246f4000 	C:\Windows\System32\KERNELBASE.dll
0x00007ffe24250000 - 0x00007ffe24361000 	C:\Windows\System32\ucrtbase.dll
0x00007ffe1ab50000 - 0x00007ffe1ab69000 	C:\Program Files\Java\jdk-17\bin\jli.dll
0x00007ffe251e0000 - 0x00007ffe2528f000 	C:\Windows\System32\ADVAPI32.dll
0x00007ffe25130000 - 0x00007ffe251d3000 	C:\Windows\System32\msvcrt.dll
0x00007ffe253a0000 - 0x00007ffe2543e000 	C:\Windows\System32\sechost.dll
0x00007ffe26450000 - 0x00007ffe26571000 	C:\Windows\System32\RPCRT4.dll
0x00007ffe26580000 - 0x00007ffe2672d000 	C:\Windows\System32\USER32.dll
0x00007ffe24a00000 - 0x00007ffe24a26000 	C:\Windows\System32\win32u.dll
0x00007ffe25290000 - 0x00007ffe252ba000 	C:\Windows\System32\GDI32.dll
0x00007ffe248e0000 - 0x00007ffe249ff000 	C:\Windows\System32\gdi32full.dll
0x00007ffe24130000 - 0x00007ffe241cd000 	C:\Windows\System32\msvcp_win.dll
0x00007ffe1ab30000 - 0x00007ffe1ab4b000 	C:\Program Files\Java\jdk-17\bin\VCRUNTIME140.dll
0x00007ffe13e00000 - 0x00007ffe140a5000 	C:\Windows\WinSxS\amd64_microsoft.windows.common-controls_6595b64144ccf1df_6.0.22000.120_none_9d947278b86cc467\COMCTL32.dll
0x00007ffe1b8b0000 - 0x00007ffe1b8ba000 	C:\Windows\SYSTEM32\VERSION.dll
0x00007ffe26c20000 - 0x00007ffe26c51000 	C:\Windows\System32\IMM32.DLL
0x00007ffe1ffc0000 - 0x00007ffe1ffcc000 	C:\Program Files\Java\jdk-17\bin\vcruntime140_1.dll
0x00007ffe018f0000 - 0x00007ffe0197e000 	C:\Program Files\Java\jdk-17\bin\msvcp140.dll
0x00007ffddba70000 - 0x00007ffddc650000 	C:\Program Files\Java\jdk-17\bin\server\jvm.dll
0x00007ffe25c40000 - 0x00007ffe25c48000 	C:\Windows\System32\PSAPI.DLL
0x00007ffe1efe0000 - 0x00007ffe1efe9000 	C:\Windows\SYSTEM32\WSOCK32.dll
0x00007ffe259d0000 - 0x00007ffe25a3f000 	C:\Windows\System32\WS2_32.dll
0x00007ffe1ccf0000 - 0x00007ffe1cd23000 	C:\Windows\SYSTEM32\WINMM.dll
0x00007ffe23190000 - 0x00007ffe231a8000 	C:\Windows\SYSTEM32\kernel.appcore.dll
0x00007ffe1d840000 - 0x00007ffe1d84a000 	C:\Program Files\Java\jdk-17\bin\jimage.dll
0x00007ffe21c60000 - 0x00007ffe21e81000 	C:\Windows\SYSTEM32\DBGHELP.DLL
0x00007ffe0fe50000 - 0x00007ffe0fe81000 	C:\Windows\SYSTEM32\dbgcore.DLL
0x00007ffe241d0000 - 0x00007ffe2424f000 	C:\Windows\System32\bcryptPrimitives.dll
0x00007ffe1ab00000 - 0x00007ffe1ab25000 	C:\Program Files\Java\jdk-17\bin\java.dll

dbghelp: loaded successfully - version: 4.0.5 - missing functions: none
symbol engine: initialized successfully - sym options: 0x614 - pdb path: .;C:\Program Files\Java\jdk-17\bin;C:\Windows\SYSTEM32;C:\Windows\WinSxS\amd64_microsoft.windows.common-controls_6595b64144ccf1df_6.0.22000.120_none_9d947278b86cc467;C:\Program Files\Java\jdk-17\bin\server

VM Arguments:
jvm_args: -Dfile.encoding=UTF-8 --module-path=D:\Lesson\NetBeans IDE Projects\cafe_vibe\build\classes 
java_command: gui.GRN
java_class_path (initial): D:\Lesson\NetBeans IDE Projects\cafe_vibe\lib\flatlaf-3.4.1.jar;D:\Lesson\NetBeans IDE Projects\cafe_vibe\lib\mysql-connector-j-8.4.0.jar;D:\Lesson\NetBeans IDE Projects\cafe_vibe\lib\jcalendar-1.4.jar;D:\Lesson\NetBeans IDE Projects\cafe_vibe\lib\commons-beanutils-1.9.4.jar;D:\Lesson\NetBeans IDE Projects\cafe_vibe\lib\commons-collections-2.1.jar;D:\Lesson\NetBeans IDE Projects\cafe_vibe\lib\commons-collections4-4.4.jar;D:\Lesson\NetBeans IDE Projects\cafe_vibe\lib\commons-digester-2.1.jar;D:\Lesson\NetBeans IDE Projects\cafe_vibe\lib\commons-logging-1.0.2.jar;D:\Lesson\NetBeans IDE Projects\cafe_vibe\lib\jasperreports-7.0.0.jar;D:\Lesson\NetBeans IDE Projects\cafe_vibe\lib\jasperreports-pdf-7.0.0.jar;D:\Lesson\NetBeans IDE Projects\cafe_vibe\lib\openpdf-1.4.2.jar;D:\Lesson\NetBeans IDE Projects\cafe_vibe\lib\jackson-dataformat-xml-2.17.2.jar;D:\Lesson\NetBeans IDE Projects\cafe_vibe\build\classes
Launcher Type: SUN_STANDARD

[Global flags]
     intx CICompilerCount                          = 3                                         {product} {ergonomic}
     uint ConcGCThreads                            = 1                                         {product} {ergonomic}
     uint G1ConcRefinementThreads                  = 4                                         {product} {ergonomic}
   size_t G1HeapRegionSize                         = 1048576                                   {product} {ergonomic}
    uintx GCDrainStackTargetSize                   = 64                                        {product} {ergonomic}
   size_t InitialHeapSize                          = 100663296                                 {product} {ergonomic}
   size_t MarkStackSize                            = 4194304                                   {product} {ergonomic}
   size_t MaxHeapSize                              = 1595932672                                {product} {ergonomic}
   size_t MinHeapDeltaBytes                        = 1048576                                   {product} {ergonomic}
   size_t MinHeapSize                              = 8388608                                   {product} {ergonomic}
    uintx NonNMethodCodeHeapSize                   = 5832780                                {pd product} {ergonomic}
    uintx NonProfiledCodeHeapSize                  = 122912730                              {pd product} {ergonomic}
    uintx ProfiledCodeHeapSize                     = 122912730                              {pd product} {ergonomic}
    uintx ReservedCodeCacheSize                    = 251658240                              {pd product} {ergonomic}
     bool SegmentedCodeCache                       = true                                      {product} {ergonomic}
   size_t SoftMaxHeapSize                          = 1595932672                             {manageable} {ergonomic}
     bool UseCompressedClassPointers               = true                           {product lp64_product} {ergonomic}
     bool UseCompressedOops                        = true                           {product lp64_product} {ergonomic}
     bool UseG1GC                                  = true                                      {product} {ergonomic}
     bool UseLargePagesIndividualAllocation        = false                                  {pd product} {ergonomic}

Logging:
Log output configuration:
 #0: stdout all=warning uptime,level,tags
 #1: stderr all=off uptime,level,tags

Environment Variables:
PATH=C:\Program Files (x86)\NVIDIA Corporation\PhysX\Common;C:\Program Files\Common Files\Oracle\Java\javapath;C:\Program Files (x86)\Common Files\Oracle\Java\javapath;C:\ProgramData\Oracle\Java\javapath;C:\Windows\system32;C:\Windows;C:\Windows\System32\Wbem;C:\Windows\System32\WindowsPowerShell\v1.0\;C:\Windows\System32\OpenSSH\;C:\Program Files\Java\jdk1.8.0_111\bin;D:\Lesson\xampp\php;C:\ProgramData\ComposerSetup\bin;C:\Program Files\MySQL\MySQL Shell 8.0\bin\;C:\Users\Asus\AppData\Local\Microsoft\WindowsApps;;C:\Users\Asus\AppData\Local\Programs\Microsoft VS Code\bin;C:\Users\Asus\AppData\Roaming\Composer\vendor\bin;D:\work\IntelliJ IDEA 2024.2.1\bin;;D:\IntelliJ IDEA Community Edition 2022.3.3\bin;
USERNAME=Asus
OS=Windows_NT
PROCESSOR_IDENTIFIER=AMD64 Family 23 Model 24 Stepping 1, AuthenticAMD



---------------  S Y S T E M  ---------------

OS:
 Windows 11 , 64 bit Build 22000 (10.0.22000.2124)
OS uptime: 13 days 8:01 hours

CPU: total 4 (initial active 4) (4 cores per cpu, 2 threads per core) family 23 model 24 stepping 1 microcode 0x0, cx8, cmov, fxsr, ht, mmx, 3dnowpref, sse, sse2, sse3, ssse3, sse4a, sse4.1, sse4.2, popcnt, lzcnt, tsc, tscinvbit, avx, avx2, aes, clmul, bmi1, bmi2, adx, sha, fma, vzeroupper, clflush, clflushopt

Memory: 4k page, system-wide physical 6082M (298M free)
TotalPageFile size 10178M (AvailPageFile size 5M)
current process WorkingSet (physical memory assigned to process): 10M, peak: 10M
current process commit charge ("private bytes"): 49M, peak: 50M

vm_info: Java HotSpot(TM) 64-Bit Server VM (17.0.11+7-LTS-207) for windows-amd64 JRE (17.0.11+7-LTS-207), built on Mar 11 2024 19:01:50 by "mach5one" with MS VC++ 17.6 (VS2022)

END.
